<?xml version="1.0" encoding="UTF-8"?>
<robot generator="Robot 6.1 (Python 3.10.10 on win32)" generated="20230801 15:54:52.069" rpa="false" schemaversion="4">
<suite id="s1" name="A.tv" source="C:\Users\park3\OneDrive\바탕 화면\자동화\A.tv">
<suite id="s1-s1" name="ATV" source="C:\Users\park3\OneDrive\바탕 화면\자동화\A.tv\ATV.robot">
<kw name="에이닷 실행" library="ATV" type="SETUP">
<kw name="Open Application" library="AppiumLibrary">
<arg>http://localhost:4723/wd/hub</arg>
<arg>platformName=Android</arg>
<arg>deviceName=${deviceName}</arg>
<arg>appPackage=${appPackage}</arg>
<arg>appActivity=${appActivity}</arg>
<arg>automationName=UIAutomator2</arg>
<arg>noReset=true</arg>
<doc>Opens a new application to given Appium server.
Capabilities of appium server, Android and iOS,
Please check https://github.com/appium/appium/blob/master/docs/en/writing-running-appium/server-args.md
| *Option*            | *Man.* | *Description*     |
| remote_url          | Yes    | Appium server url |
| alias               | no     | alias             |
| strict_ssl          | No     | allows you to send commands to an invalid certificate host like a self-signed one. |</doc>
<kw name="Capture Page Screenshot" library="AppiumLibrary">
<doc>Takes a screenshot of the current page and embeds it into the log.</doc>
<status status="FAIL" starttime="20230801 15:55:00.921" endtime="20230801 15:55:00.923"/>
</kw>
<msg timestamp="20230801 15:55:00.924" level="WARN">Keyword 'Capture Page Screenshot' could not be run on failure: Execution terminated by signal</msg>
<status status="FAIL" starttime="20230801 15:54:52.648" endtime="20230801 15:55:00.930"/>
</kw>
<status status="FAIL" starttime="20230801 15:54:52.647" endtime="20230801 15:55:00.931"/>
</kw>
<test id="s1-s1-t1" name="맨 위로 버튼" line="12">
<tag>robot:exit</tag>
<status status="FAIL" starttime="20230801 15:55:00.932" endtime="20230801 15:55:00.936">Test execution stopped due to a fatal error.</status>
</test>
<status status="FAIL" starttime="20230801 15:54:52.122" endtime="20230801 15:55:00.940">Suite setup failed:
Execution terminated by signal</status>
</suite>
<status status="FAIL" starttime="20230801 15:54:52.079" endtime="20230801 15:55:00.945"/>
</suite>
<statistics>
<total>
<stat pass="0" fail="1" skip="0">All Tests</stat>
</total>
<tag>
<stat pass="0" fail="0" skip="0" info="combined" combined="NOT robot:exit">NOT robot:exit</stat>
</tag>
<suite>
<stat pass="0" fail="1" skip="0" id="s1" name="A.tv">A.tv</stat>
<stat pass="0" fail="1" skip="0" id="s1-s1" name="ATV">A.tv.ATV</stat>
</suite>
</statistics>
<errors>
<msg timestamp="20230801 15:55:00.924" level="WARN">Keyword 'Capture Page Screenshot' could not be run on failure: Execution terminated by signal</msg>
</errors>
</robot>
